<?xml version="1.0" encoding="UTF-8"?>
<testsuite name="qa.instagram.UI.SmokeTest" tests="1" skipped="0" failures="0" errors="0" timestamp="2020-04-29T18:44:16" hostname="EPUAKHAW2276" time="10.126">
  <properties/>
  <testcase name="loginTest[0](Credentials(login=ysherenkova, password=V2VsY29tZV8xMjM))" classname="qa.instagram.UI.SmokeTest" time="10.126"/>
  <system-out><![CDATA[chrome
ysherenkova
V2VsY29tZV8xMjM
]]></system-out>
  <system-err><![CDATA[Apr 29, 2020 9:44:15 PM org.openqa.selenium.remote.ProtocolHandshake createSession
INFO: Detected dialect: W3C
]]></system-err>
</testsuite>
