<?xml version="1.0" encoding="UTF-8"?>
<testsuite name="qa.instagram.DB.SmokeTest" tests="1" skipped="0" failures="0" errors="0" timestamp="2020-04-29T18:44:03" hostname="EPUAKHAW2276" time="10.261">
  <properties/>
  <testcase name="connectionTest[0](Credentials(login=ysherenkova, password=V2VsY29tZV8xMjM))" classname="qa.instagram.DB.SmokeTest" time="10.261"/>
  <system-out><![CDATA[]]></system-out>
  <system-err><![CDATA[Apr 29, 2020 9:44:00 PM org.openqa.selenium.remote.ProtocolHandshake createSession
INFO: Detected dialect: W3C
]]></system-err>
</testsuite>
