<?xml version="1.0" encoding="UTF-8"?>
<testsuite name="qa.instagram.DB.SmokeTest" tests="1" skipped="0" failures="0" errors="0" timestamp="2020-04-24T14:40:52" hostname="EPUAKHAW2276" time="8.629">
  <properties/>
  <testcase name="connectionTest[0](Credentials(login=ysherenkova, password=V2VsY29tZV8xMjM))" classname="qa.instagram.DB.SmokeTest" time="8.629"/>
  <system-out><![CDATA[]]></system-out>
  <system-err><![CDATA[Starting ChromeDriver 80.0.3987.16 (320f6526c1632ad4f205ebce69b99a062ed78647-refs/branch-heads/3987@{#185}) on port 20617
Only local connections are allowed.
Please protect ports used by ChromeDriver and related test frameworks to prevent access by malicious code.
[1587739250.844][WARNING]: This version of ChromeDriver has not been tested with Chrome version 81.
Apr 24, 2020 5:40:51 PM org.openqa.selenium.remote.ProtocolHandshake createSession
INFO: Detected dialect: W3C
[1587739252.008][SEVERE]: Timed out receiving message from renderer: 0.100
[1587739252.127][SEVERE]: Timed out receiving message from renderer: 0.100
[1587739252.348][SEVERE]: Timed out receiving message from renderer: 0.100
[1587739256.091][SEVERE]: Timed out receiving message from renderer: 0.100
[1587739256.204][SEVERE]: Timed out receiving message from renderer: 0.100
[1587739256.306][SEVERE]: Timed out receiving message from renderer: 0.100
[1587739256.408][SEVERE]: Timed out receiving message from renderer: 0.100
]]></system-err>
</testsuite>
